2019-03-12 17:34:48.296 [main] [INFO] com.zhanghuanfa.App - info msg
2019-03-12 17:34:48.301 [main] [ERROR] com.zhanghuanfa.App - error msg
2019-03-12 17:35:53.024 [main] [INFO] com.zhanghuanfa.App - info msg
2019-03-12 17:35:53.029 [main] [ERROR] com.zhanghuanfa.App - error msg
2019-03-12 17:50:17.324 [main] [INFO] com.zhanghuanfa.App - info msg
2019-03-12 17:50:17.328 [main] [ERROR] com.zhanghuanfa.App - error msg
2019-04-08 11:21:53.847 [main] [INFO] com.zhanghuanfa.App - info msg
2019-04-08 11:21:53.849 [main] [ERROR] com.zhanghuanfa.App - error msg
2019-04-08 11:21:53.899 [main] [INFO] com.zhanghuanfa.App - params = {mobile=[13520527259]}
2019-04-08 11:21:53.899 [main] [INFO] com.zhanghuanfa.App - params = {"mobile":["13520527259"]}
2019-04-08 11:21:53.910 [main] [INFO] com.zhanghuanfa.App - build = Bean(name=bean, id=1, address=[abc], students=[Student(name=s2, id=12)], student=Student(name=s1, id=11))
2019-04-08 11:21:53.999 [main] [WARN] com.zhanghuanfa.App - json = {"address":["abc"],"id":1,"name":"bean","student":{"id":11,"name":"s1"},"students":[{"id":12,"name":"s2"}]} , bean = Bean(name=bean, id=1, address=[abc], students=[Student(name=s2, id=12)], student=Student(name=s1, id=11))
2019-04-08 11:21:53.999 [main] [INFO] com.zhanghuanfa.App - students = [Student(name=s1, id=11)]
2019-04-08 11:30:02.204 [main] [INFO] com.zhanghuanfa.App - info msg
2019-04-08 11:30:02.205 [main] [ERROR] com.zhanghuanfa.App - error msg
2019-04-08 11:30:02.248 [main] [INFO] com.zhanghuanfa.App - array = 123456
2019-04-08 11:30:02.248 [main] [INFO] com.zhanghuanfa.App - params = {mobile=[13520527259]}
2019-04-08 11:30:02.248 [main] [INFO] com.zhanghuanfa.App - params = {"mobile":["13520527259"]}
2019-04-08 11:30:02.259 [main] [INFO] com.zhanghuanfa.App - build = Bean(name=bean, id=1, address=[abc], students=[Student(name=s2, id=12)], student=Student(name=s1, id=11))
2019-04-08 11:30:02.338 [main] [WARN] com.zhanghuanfa.App - json = {"address":["abc"],"id":1,"name":"bean","student":{"id":11,"name":"s1"},"students":[{"id":12,"name":"s2"}]} , bean = Bean(name=bean, id=1, address=[abc], students=[Student(name=s2, id=12)], student=Student(name=s1, id=11))
2019-04-08 11:30:02.339 [main] [INFO] com.zhanghuanfa.App - students = [Student(name=s1, id=11)]
2019-04-08 11:31:00.979 [main] [INFO] com.zhanghuanfa.App - info msg
2019-04-08 11:31:00.980 [main] [ERROR] com.zhanghuanfa.App - error msg
2019-04-08 11:31:01.027 [main] [INFO] com.zhanghuanfa.App - array = 123
2019-04-08 11:31:01.027 [main] [INFO] com.zhanghuanfa.App - params = {mobile=[13520527259]}
2019-04-08 11:31:01.027 [main] [INFO] com.zhanghuanfa.App - params = {"mobile":["13520527259"]}
2019-04-08 11:31:01.038 [main] [INFO] com.zhanghuanfa.App - build = Bean(name=bean, id=1, address=[abc], students=[Student(name=s2, id=12)], student=Student(name=s1, id=11))
2019-04-08 11:31:01.113 [main] [WARN] com.zhanghuanfa.App - json = {"address":["abc"],"id":1,"name":"bean","student":{"id":11,"name":"s1"},"students":[{"id":12,"name":"s2"}]} , bean = Bean(name=bean, id=1, address=[abc], students=[Student(name=s2, id=12)], student=Student(name=s1, id=11))
2019-04-08 11:31:01.113 [main] [INFO] com.zhanghuanfa.App - students = [Student(name=s1, id=11)]
2019-04-08 15:26:30.711 [main] [INFO] com.zhanghuanfa.App - info msg
2019-04-08 15:26:30.712 [main] [ERROR] com.zhanghuanfa.App - error msg
2019-04-08 15:26:30.753 [main] [INFO] com.zhanghuanfa.App - array = 123
2019-04-08 15:26:30.753 [main] [INFO] com.zhanghuanfa.App - params = {mobile=[13520527259]}
2019-04-08 15:26:30.754 [main] [INFO] com.zhanghuanfa.App - params = {"mobile":["13520527259"]}
2019-04-08 15:26:30.762 [main] [INFO] com.zhanghuanfa.App - build = Bean(name=bean, id=1, address=[abc], students=[Student(name=s2, id=12)], student=Student(name=s1, id=11))
2019-04-08 15:26:30.844 [main] [WARN] com.zhanghuanfa.App - json = {"address":["abc"],"id":1,"name":"bean","student":{"id":11,"name":"s1"},"students":[{"id":12,"name":"s2"}]} , bean = Bean(name=bean, id=1, address=[abc], students=[Student(name=s2, id=12)], student=Student(name=s1, id=11))
2019-04-08 15:26:30.844 [main] [INFO] com.zhanghuanfa.App - students = [Student(name=s1, id=11)]
2019-04-08 15:26:55.124 [main] [INFO] com.zhanghuanfa.App - info msg
2019-04-08 15:26:55.125 [main] [ERROR] com.zhanghuanfa.App - error msg
2019-04-08 15:26:55.172 [main] [INFO] com.zhanghuanfa.App - array = 123
2019-04-08 15:26:55.172 [main] [INFO] com.zhanghuanfa.App - params = {mobile=[13520527259]}
2019-04-08 15:26:55.172 [main] [INFO] com.zhanghuanfa.App - params = {"mobile":["13520527259"]}
2019-04-08 15:26:55.178 [main] [INFO] com.zhanghuanfa.App - build = Bean(name=bean, id=1, address=[abc], students=[Student(name=s2, id=12)], student=Student(name=s1, id=11))
2019-04-08 15:26:55.250 [main] [WARN] com.zhanghuanfa.App - json = {"address":["abc"],"id":1,"name":"bean","student":{"id":11,"name":"s1"},"students":[{"id":12,"name":"s2"}]} , bean = Bean(name=bean, id=1, address=[abc], students=[Student(name=s2, id=12)], student=Student(name=s1, id=11))
2019-04-08 15:26:55.250 [main] [INFO] com.zhanghuanfa.App - students = [Student(name=s1, id=11)]
2019-04-08 15:33:18.443 [main] [INFO] com.zhanghuanfa.App - info msg
2019-04-08 15:33:18.444 [main] [ERROR] com.zhanghuanfa.App - error msg
2019-04-08 15:33:18.490 [main] [INFO] com.zhanghuanfa.App - array = 123
2019-04-08 15:33:18.490 [main] [INFO] com.zhanghuanfa.App - params = {mobile=[13520527259]}
2019-04-08 15:33:18.491 [main] [INFO] com.zhanghuanfa.App - params = {"mobile":["13520527259"]}
2019-04-08 15:33:18.497 [main] [INFO] com.zhanghuanfa.App - build = Bean(name=bean, id=1, address=[abc], students=[Student(name=s2, id=12)], student=Student(name=s1, id=11))
2019-04-08 15:33:18.574 [main] [WARN] com.zhanghuanfa.App - json = {"address":["abc"],"id":1,"name":"bean","student":{"id":11,"name":"s1"},"students":[{"id":12,"name":"s2"}]} , bean = Bean(name=bean, id=1, address=[abc], students=[Student(name=s2, id=12)], student=Student(name=s1, id=11))
2019-04-08 15:33:18.574 [main] [INFO] com.zhanghuanfa.App - students = [Student(name=s1, id=11)]
2019-04-08 15:56:26.734 [main] [INFO] com.zhanghuanfa.App - info msg
2019-04-08 15:56:26.735 [main] [ERROR] com.zhanghuanfa.App - error msg
2019-04-08 15:56:26.778 [main] [INFO] com.zhanghuanfa.App - array = 123
2019-04-08 15:56:26.778 [main] [INFO] com.zhanghuanfa.App - params = {mobile=[13520527259]}
2019-04-08 15:56:26.779 [main] [INFO] com.zhanghuanfa.App - params = {"mobile":["13520527259"]}
2019-04-08 15:56:26.786 [main] [INFO] com.zhanghuanfa.App - build = Bean(name=bean, id=1, address=[abc], students=[Student(name=s2, id=12)], student=Student(name=s1, id=11))
2019-04-08 15:56:26.863 [main] [WARN] com.zhanghuanfa.App - json = {"address":["abc"],"id":1,"name":"bean","student":{"id":11,"name":"s1"},"students":[{"id":12,"name":"s2"}]} , bean = Bean(name=bean, id=1, address=[abc], students=[Student(name=s2, id=12)], student=Student(name=s1, id=11))
2019-04-08 15:56:26.863 [main] [INFO] com.zhanghuanfa.App - students = [Student(name=s1, id=11)]
2019-04-08 15:57:09.665 [main] [INFO] com.zhanghuanfa.App - info msg
2019-04-08 15:57:09.667 [main] [ERROR] com.zhanghuanfa.App - error msg
2019-04-08 15:57:09.711 [main] [INFO] com.zhanghuanfa.App - array = 123
2019-04-08 15:57:09.711 [main] [INFO] com.zhanghuanfa.App - params = {mobile=[13520527259]}
2019-04-08 15:57:09.711 [main] [INFO] com.zhanghuanfa.App - params = {"mobile":["13520527259"]}
2019-04-08 15:57:09.718 [main] [INFO] com.zhanghuanfa.App - build = Bean(name=bean, id=1, address=[abc], students=[Student(name=s2, id=12)], student=Student(name=s1, id=11))
2019-04-08 15:57:09.803 [main] [WARN] com.zhanghuanfa.App - json = {"address":["abc"],"id":1,"name":"bean","student":{"id":11,"name":"s1"},"students":[{"id":12,"name":"s2"}]} , bean = Bean(name=bean, id=1, address=[abc], students=[Student(name=s2, id=12)], student=Student(name=s1, id=11))
2019-04-08 15:57:09.804 [main] [INFO] com.zhanghuanfa.App - students = [Student(name=s1, id=11)]
2019-04-08 15:57:36.782 [main] [INFO] com.zhanghuanfa.App - info msg
2019-04-08 15:57:36.784 [main] [ERROR] com.zhanghuanfa.App - error msg
2019-04-08 15:57:36.829 [main] [INFO] com.zhanghuanfa.App - array = 123
2019-04-08 15:57:36.829 [main] [INFO] com.zhanghuanfa.App - params = {mobile=[13520527259]}
2019-04-08 15:57:36.830 [main] [INFO] com.zhanghuanfa.App - params = {"mobile":["13520527259"]}
2019-04-08 15:57:36.837 [main] [INFO] com.zhanghuanfa.App - build = Bean(name=bean, id=1, address=[abc], students=[Student(name=s2, id=12)], student=Student(name=s1, id=11))
2019-04-08 15:57:36.915 [main] [WARN] com.zhanghuanfa.App - json = {"address":["abc"],"id":1,"name":"bean","student":{"id":11,"name":"s1"},"students":[{"id":12,"name":"s2"}]} , bean = Bean(name=bean, id=1, address=[abc], students=[Student(name=s2, id=12)], student=Student(name=s1, id=11))
2019-04-08 15:57:36.915 [main] [INFO] com.zhanghuanfa.App - students = [Student(name=s1, id=11)]
2019-04-08 16:04:49.087 [main] [INFO] com.zhanghuanfa.App - info msg
2019-04-08 16:04:49.089 [main] [ERROR] com.zhanghuanfa.App - error msg
2019-04-08 16:04:49.130 [main] [INFO] com.zhanghuanfa.App - array = 123
2019-04-08 16:04:49.131 [main] [INFO] com.zhanghuanfa.App - params = {mobile=[13520527259]}
2019-04-08 16:04:49.131 [main] [INFO] com.zhanghuanfa.App - params = {"mobile":["13520527259"]}
2019-04-08 16:04:49.138 [main] [INFO] com.zhanghuanfa.App - build = Bean(name=bean, id=1, address=[abc], students=[Student(name=s2, id=12)], student=Student(name=s1, id=11))
2019-04-08 16:04:49.211 [main] [WARN] com.zhanghuanfa.App - json = {"address":["abc"],"id":1,"name":"bean","student":{"id":11,"name":"s1"},"students":[{"id":12,"name":"s2"}]} , bean = Bean(name=bean, id=1, address=[abc], students=[Student(name=s2, id=12)], student=Student(name=s1, id=11))
2019-04-08 16:04:49.211 [main] [INFO] com.zhanghuanfa.App - students = [Student(name=s1, id=11)]
2019-04-08 16:05:37.688 [main] [INFO] com.zhanghuanfa.App - info msg
2019-04-08 16:05:37.690 [main] [ERROR] com.zhanghuanfa.App - error msg
2019-04-08 16:05:37.734 [main] [INFO] com.zhanghuanfa.App - array = 123
2019-04-08 16:05:37.734 [main] [INFO] com.zhanghuanfa.App - params = {mobile=[13520527259]}
2019-04-08 16:05:37.734 [main] [INFO] com.zhanghuanfa.App - params = {"mobile":["13520527259"]}
2019-04-08 16:05:37.742 [main] [INFO] com.zhanghuanfa.App - build = Bean(name=bean, id=1, address=[abc], students=[Student(name=s2, id=12)], student=Student(name=s1, id=11))
2019-04-08 16:05:37.815 [main] [WARN] com.zhanghuanfa.App - json = {"address":["abc"],"id":1,"name":"bean","student":{"id":11,"name":"s1"},"students":[{"id":12,"name":"s2"}]} , bean = Bean(name=bean, id=1, address=[abc], students=[Student(name=s2, id=12)], student=Student(name=s1, id=11))
2019-04-08 16:05:37.815 [main] [INFO] com.zhanghuanfa.App - students = [Student(name=s1, id=11)]
2019-04-08 16:06:55.216 [main] [INFO] com.zhanghuanfa.App - info msg
2019-04-08 16:06:55.217 [main] [ERROR] com.zhanghuanfa.App - error msg
2019-04-08 16:06:55.258 [main] [INFO] com.zhanghuanfa.App - array = 123
2019-04-08 16:06:55.259 [main] [INFO] com.zhanghuanfa.App - params = {mobile=[13520527259]}
2019-04-08 16:06:55.259 [main] [INFO] com.zhanghuanfa.App - params = {"mobile":["13520527259"]}
2019-04-08 16:06:55.266 [main] [INFO] com.zhanghuanfa.App - build = Bean(name=bean, id=1, address=[abc], students=[Student(name=s2, id=12)], student=Student(name=s1, id=11))
2019-04-08 16:06:55.333 [main] [WARN] com.zhanghuanfa.App - json = {"address":["abc"],"id":1,"name":"bean","student":{"id":11,"name":"s1"},"students":[{"id":12,"name":"s2"}]} , bean = Bean(name=bean, id=1, address=[abc], students=[Student(name=s2, id=12)], student=Student(name=s1, id=11))
2019-04-08 16:06:55.333 [main] [INFO] com.zhanghuanfa.App - students = [Student(name=s1, id=11)]
2019-04-08 16:08:22.531 [main] [INFO] com.zhanghuanfa.App - info msg
2019-04-08 16:08:22.533 [main] [ERROR] com.zhanghuanfa.App - error msg
2019-04-08 16:08:22.534 [main] [INFO] com.zhanghuanfa.App - mobile:12345678901
2019-04-08 16:08:22.575 [main] [INFO] com.zhanghuanfa.App - array = 123
2019-04-08 16:08:22.575 [main] [INFO] com.zhanghuanfa.App - params = {mobile=[13520527259]}
2019-04-08 16:08:22.576 [main] [INFO] com.zhanghuanfa.App - params = {"mobile":["13520527259"]}
2019-04-08 16:08:22.584 [main] [INFO] com.zhanghuanfa.App - build = Bean(name=bean, id=1, address=[abc], students=[Student(name=s2, id=12)], student=Student(name=s1, id=11))
2019-04-08 16:08:22.651 [main] [WARN] com.zhanghuanfa.App - json = {"address":["abc"],"id":1,"name":"bean","student":{"id":11,"name":"s1"},"students":[{"id":12,"name":"s2"}]} , bean = Bean(name=bean, id=1, address=[abc], students=[Student(name=s2, id=12)], student=Student(name=s1, id=11))
2019-04-08 16:08:22.651 [main] [INFO] com.zhanghuanfa.App - students = [Student(name=s1, id=11)]
2019-04-08 16:08:43.708 [main] [INFO] com.zhanghuanfa.App - info msg
2019-04-08 16:08:43.709 [main] [ERROR] com.zhanghuanfa.App - error msg
2019-04-08 16:08:43.710 [main] [INFO] com.zhanghuanfa.App - mobile":"12345678901
2019-04-08 16:08:43.755 [main] [INFO] com.zhanghuanfa.App - array = 123
2019-04-08 16:08:43.755 [main] [INFO] com.zhanghuanfa.App - params = {mobile=[13520527259]}
2019-04-08 16:08:43.756 [main] [INFO] com.zhanghuanfa.App - params = {"mobile":["13520527259"]}
2019-04-08 16:08:43.762 [main] [INFO] com.zhanghuanfa.App - build = Bean(name=bean, id=1, address=[abc], students=[Student(name=s2, id=12)], student=Student(name=s1, id=11))
2019-04-08 16:08:43.838 [main] [WARN] com.zhanghuanfa.App - json = {"address":["abc"],"id":1,"name":"bean","student":{"id":11,"name":"s1"},"students":[{"id":12,"name":"s2"}]} , bean = Bean(name=bean, id=1, address=[abc], students=[Student(name=s2, id=12)], student=Student(name=s1, id=11))
2019-04-08 16:08:43.838 [main] [INFO] com.zhanghuanfa.App - students = [Student(name=s1, id=11)]
2019-04-08 16:09:03.743 [main] [INFO] com.zhanghuanfa.App - info msg
2019-04-08 16:09:03.745 [main] [ERROR] com.zhanghuanfa.App - error msg
2019-04-08 16:09:03.746 [main] [INFO] com.zhanghuanfa.App - "mobile":"12345678901
2019-04-08 16:09:03.788 [main] [INFO] com.zhanghuanfa.App - array = 123
2019-04-08 16:09:03.788 [main] [INFO] com.zhanghuanfa.App - params = {mobile=[13520527259]}
2019-04-08 16:09:03.788 [main] [INFO] com.zhanghuanfa.App - params = {"mobile":["13520527259"]}
2019-04-08 16:09:03.795 [main] [INFO] com.zhanghuanfa.App - build = Bean(name=bean, id=1, address=[abc], students=[Student(name=s2, id=12)], student=Student(name=s1, id=11))
2019-04-08 16:09:03.867 [main] [WARN] com.zhanghuanfa.App - json = {"address":["abc"],"id":1,"name":"bean","student":{"id":11,"name":"s1"},"students":[{"id":12,"name":"s2"}]} , bean = Bean(name=bean, id=1, address=[abc], students=[Student(name=s2, id=12)], student=Student(name=s1, id=11))
2019-04-08 16:09:03.868 [main] [INFO] com.zhanghuanfa.App - students = [Student(name=s1, id=11)]
2019-04-08 16:09:19.657 [main] [INFO] com.zhanghuanfa.App - info msg
2019-04-08 16:09:19.659 [main] [ERROR] com.zhanghuanfa.App - error msg
2019-04-08 16:09:19.660 [main] [INFO] com.zhanghuanfa.App - "mobile":"12345678901"
2019-04-08 16:09:19.705 [main] [INFO] com.zhanghuanfa.App - array = 123
2019-04-08 16:09:19.706 [main] [INFO] com.zhanghuanfa.App - params = {mobile=[13520527259]}
2019-04-08 16:09:19.706 [main] [INFO] com.zhanghuanfa.App - params = {"mobile":["13520527259"]}
2019-04-08 16:09:19.713 [main] [INFO] com.zhanghuanfa.App - build = Bean(name=bean, id=1, address=[abc], students=[Student(name=s2, id=12)], student=Student(name=s1, id=11))
2019-04-08 16:09:19.778 [main] [WARN] com.zhanghuanfa.App - json = {"address":["abc"],"id":1,"name":"bean","student":{"id":11,"name":"s1"},"students":[{"id":12,"name":"s2"}]} , bean = Bean(name=bean, id=1, address=[abc], students=[Student(name=s2, id=12)], student=Student(name=s1, id=11))
2019-04-08 16:09:19.778 [main] [INFO] com.zhanghuanfa.App - students = [Student(name=s1, id=11)]
2019-04-08 16:11:08.970 [main] [INFO] com.zhanghuanfa.App - info msg
2019-04-08 16:11:08.971 [main] [ERROR] com.zhanghuanfa.App - error msg
2019-04-08 16:11:08.973 [main] [INFO] com.zhanghuanfa.App - "mobile":"12345678901"
2019-04-08 16:11:08.973 [main] [INFO] com.zhanghuanfa.App - mobile=12345678901
2019-04-08 16:11:09.016 [main] [INFO] com.zhanghuanfa.App - array = 123
2019-04-08 16:11:09.016 [main] [INFO] com.zhanghuanfa.App - params = {mobile=[13520527259]}
2019-04-08 16:11:09.016 [main] [INFO] com.zhanghuanfa.App - params = {"mobile":["13520527259"]}
2019-04-08 16:11:09.022 [main] [INFO] com.zhanghuanfa.App - build = Bean(name=bean, id=1, address=[abc], students=[Student(name=s2, id=12)], student=Student(name=s1, id=11))
2019-04-08 16:11:09.096 [main] [WARN] com.zhanghuanfa.App - json = {"address":["abc"],"id":1,"name":"bean","student":{"id":11,"name":"s1"},"students":[{"id":12,"name":"s2"}]} , bean = Bean(name=bean, id=1, address=[abc], students=[Student(name=s2, id=12)], student=Student(name=s1, id=11))
2019-04-08 16:11:09.096 [main] [INFO] com.zhanghuanfa.App - students = [Student(name=s1, id=11)]
2019-04-08 16:11:26.403 [main] [INFO] com.zhanghuanfa.App - info msg
2019-04-08 16:11:26.405 [main] [ERROR] com.zhanghuanfa.App - error msg
2019-04-08 16:11:26.407 [main] [INFO] com.zhanghuanfa.App - "mobile":"12345678901"
2019-04-08 16:11:26.407 [main] [INFO] com.zhanghuanfa.App - mobile = 12345678901
2019-04-08 16:11:26.449 [main] [INFO] com.zhanghuanfa.App - array = 123
2019-04-08 16:11:26.449 [main] [INFO] com.zhanghuanfa.App - params = {mobile=[13520527259]}
2019-04-08 16:11:26.450 [main] [INFO] com.zhanghuanfa.App - params = {"mobile":["13520527259"]}
2019-04-08 16:11:26.457 [main] [INFO] com.zhanghuanfa.App - build = Bean(name=bean, id=1, address=[abc], students=[Student(name=s2, id=12)], student=Student(name=s1, id=11))
2019-04-08 16:11:26.531 [main] [WARN] com.zhanghuanfa.App - json = {"address":["abc"],"id":1,"name":"bean","student":{"id":11,"name":"s1"},"students":[{"id":12,"name":"s2"}]} , bean = Bean(name=bean, id=1, address=[abc], students=[Student(name=s2, id=12)], student=Student(name=s1, id=11))
2019-04-08 16:11:26.531 [main] [INFO] com.zhanghuanfa.App - students = [Student(name=s1, id=11)]
2019-04-08 16:13:14.697 [main] [INFO] com.zhanghuanfa.App - info msg
2019-04-08 16:13:14.699 [main] [ERROR] com.zhanghuanfa.App - error msg
2019-04-08 16:13:14.701 [main] [INFO] com.zhanghuanfa.App - "mobile":"12345678901"
2019-04-08 16:13:14.701 [main] [INFO] com.zhanghuanfa.App - mobile = 12345678901
2019-04-08 16:13:14.742 [main] [INFO] com.zhanghuanfa.App - array = 123
2019-04-08 16:13:14.743 [main] [INFO] com.zhanghuanfa.App - params = {mobile=[13520527259]}
2019-04-08 16:13:14.743 [main] [INFO] com.zhanghuanfa.App - params = {"mobile":["13520527259"]}
2019-04-08 16:13:14.751 [main] [INFO] com.zhanghuanfa.App - build = Bean(name=bean, id=1, address=[abc], students=[Student(name=s2, id=12)], student=Student(name=s1, id=11))
2019-04-08 16:13:14.827 [main] [WARN] com.zhanghuanfa.App - json = {"address":["abc"],"id":1,"name":"bean","student":{"id":11,"name":"s1"},"students":[{"id":12,"name":"s2"}]} , bean = Bean(name=bean, id=1, address=[abc], students=[Student(name=s2, id=12)], student=Student(name=s1, id=11))
2019-04-08 16:13:14.827 [main] [INFO] com.zhanghuanfa.App - students = [Student(name=s1, id=11)]
2019-04-08 16:13:55.763 [main] [INFO] com.zhanghuanfa.App - info msg
2019-04-08 16:13:55.764 [main] [ERROR] com.zhanghuanfa.App - error msg
2019-04-08 16:13:55.766 [main] [INFO] com.zhanghuanfa.App - "mobile":"12345678901"
2019-04-08 16:13:55.766 [main] [INFO] com.zhanghuanfa.App - mobile = 12345678901
2019-04-08 16:13:55.813 [main] [INFO] com.zhanghuanfa.App - array = 123
2019-04-08 16:13:55.814 [main] [INFO] com.zhanghuanfa.App - params = {mobile=[13520527259]}
2019-04-08 16:13:55.814 [main] [INFO] com.zhanghuanfa.App - params = {"mobile":["13520527259"]}
2019-04-08 16:13:55.823 [main] [INFO] com.zhanghuanfa.App - build = Bean(name=bean, id=1, address=[abc], students=[Student(name=s2, id=12)], student=Student(name=s1, id=11))
2019-04-08 16:13:55.928 [main] [WARN] com.zhanghuanfa.App - json = {"address":["abc"],"id":1,"name":"bean","student":{"id":11,"name":"s1"},"students":[{"id":12,"name":"s2"}]} , bean = Bean(name=bean, id=1, address=[abc], students=[Student(name=s2, id=12)], student=Student(name=s1, id=11))
2019-04-08 16:13:55.929 [main] [INFO] com.zhanghuanfa.App - students = [Student(name=s1, id=11)]
2019-04-08 16:18:11.021 [main] [INFO] com.zhanghuanfa.App - info msg
2019-04-08 16:18:11.025 [main] [ERROR] com.zhanghuanfa.App - error msg
2019-04-08 16:18:11.027 [main] [INFO] com.zhanghuanfa.App - "mobile":"12345678901"
2019-04-08 16:18:11.027 [main] [INFO] com.zhanghuanfa.App - mobile = 12345678901
2019-04-08 16:18:11.124 [main] [INFO] com.zhanghuanfa.App - array = 123
2019-04-08 16:18:11.124 [main] [INFO] com.zhanghuanfa.App - params = {mobile=[13520527259]}
2019-04-08 16:18:11.124 [main] [INFO] com.zhanghuanfa.App - params = {"mobile":["13520527259"]}
2019-04-08 16:18:11.132 [main] [INFO] com.zhanghuanfa.App - build = Bean(name=bean, id=1, address=[abc], students=[Student(name=s2, id=12)], student=Student(name=s1, id=11))
2019-04-08 16:18:11.216 [main] [WARN] com.zhanghuanfa.App - json = {"address":["abc"],"id":1,"name":"bean","student":{"id":11,"name":"s1"},"students":[{"id":12,"name":"s2"}]} , bean = Bean(name=bean, id=1, address=[abc], students=[Student(name=s2, id=12)], student=Student(name=s1, id=11))
2019-04-08 16:18:11.216 [main] [INFO] com.zhanghuanfa.App - students = [Student(name=s1, id=11)]
2019-04-08 16:18:39.061 [main] [INFO] com.zhanghuanfa.App - info msg
2019-04-08 16:18:39.062 [main] [ERROR] com.zhanghuanfa.App - error msg
2019-04-08 16:18:39.065 [main] [INFO] com.zhanghuanfa.App - "mobile":"12345678901"
2019-04-08 16:18:39.065 [main] [INFO] com.zhanghuanfa.App - mobile = 12345678901
2019-04-08 16:18:39.121 [main] [INFO] com.zhanghuanfa.App - array = 123
2019-04-08 16:18:39.121 [main] [INFO] com.zhanghuanfa.App - params = {mobile=[13520527259]}
2019-04-08 16:18:39.121 [main] [INFO] com.zhanghuanfa.App - params = {"mobile":["13520527259"]}
2019-04-08 16:18:39.129 [main] [INFO] com.zhanghuanfa.App - build = Bean(name=bean, id=1, address=[abc], students=[Student(name=s2, id=12)], student=Student(name=s1, id=11))
2019-04-08 16:18:39.205 [main] [WARN] com.zhanghuanfa.App - json = {"address":["abc"],"id":1,"name":"bean","student":{"id":11,"name":"s1"},"students":[{"id":12,"name":"s2"}]} , bean = Bean(name=bean, id=1, address=[abc], students=[Student(name=s2, id=12)], student=Student(name=s1, id=11))
2019-04-08 16:18:39.205 [main] [INFO] com.zhanghuanfa.App - students = [Student(name=s1, id=11)]
2019-04-08 16:19:58.214 [main] [INFO] com.zhanghuanfa.App - info msg
2019-04-08 16:19:58.215 [main] [ERROR] com.zhanghuanfa.App - error msg
2019-04-08 16:19:58.216 [main] [INFO] com.zhanghuanfa.App - "mobile":"12345678901"
2019-04-08 16:19:58.216 [main] [INFO] com.zhanghuanfa.App - mobile = 12345678901
2019-04-08 16:19:58.258 [main] [INFO] com.zhanghuanfa.App - array = 123
2019-04-08 16:19:58.258 [main] [INFO] com.zhanghuanfa.App - params = {mobile=[13520527259]}
2019-04-08 16:19:58.258 [main] [INFO] com.zhanghuanfa.App - params = {"mobile":["13520527259"]}
2019-04-08 16:19:58.264 [main] [INFO] com.zhanghuanfa.App - build = Bean(name=bean, id=1, address=[abc], students=[Student(name=s2, id=12)], student=Student(name=s1, id=11))
2019-04-08 16:19:58.334 [main] [WARN] com.zhanghuanfa.App - json = {"address":["abc"],"id":1,"name":"bean","student":{"id":11,"name":"s1"},"students":[{"id":12,"name":"s2"}]} , bean = Bean(name=bean, id=1, address=[abc], students=[Student(name=s2, id=12)], student=Student(name=s1, id=11))
2019-04-08 16:19:58.335 [main] [INFO] com.zhanghuanfa.App - students = [Student(name=s1, id=11)]
2019-04-08 16:20:50.008 [main] [INFO] com.zhanghuanfa.App - info msg
2019-04-08 16:20:50.009 [main] [ERROR] com.zhanghuanfa.App - error msg
2019-04-08 16:20:50.011 [main] [INFO] com.zhanghuanfa.App - "mobile":"12345678901"
2019-04-08 16:20:50.011 [main] [INFO] com.zhanghuanfa.App - mobile = 12345678901
2019-04-08 16:20:50.085 [main] [INFO] com.zhanghuanfa.App - array = 123
2019-04-08 16:20:50.085 [main] [INFO] com.zhanghuanfa.App - params = {mobile=[13520527259]}
2019-04-08 16:20:50.085 [main] [INFO] com.zhanghuanfa.App - params = {"mobile":["13520527259"]}
2019-04-08 16:20:50.116 [main] [INFO] com.zhanghuanfa.App - build = Bean(name=bean, id=1, address=[abc], students=[Student(name=s2, id=12)], student=Student(name=s1, id=11))
2019-04-08 16:20:50.267 [main] [WARN] com.zhanghuanfa.App - json = {"address":["abc"],"id":1,"name":"bean","student":{"id":11,"name":"s1"},"students":[{"id":12,"name":"s2"}]} , bean = Bean(name=bean, id=1, address=[abc], students=[Student(name=s2, id=12)], student=Student(name=s1, id=11))
2019-04-08 16:20:50.267 [main] [INFO] com.zhanghuanfa.App - students = [Student(name=s1, id=11)]
2019-04-08 16:22:23.674 [main] [INFO] com.zhanghuanfa.App - info msg
2019-04-08 16:22:23.675 [main] [ERROR] com.zhanghuanfa.App - error msg
2019-04-08 16:22:23.677 [main] [INFO] com.zhanghuanfa.App - "mobile":"12345678901"
2019-04-08 16:22:23.677 [main] [INFO] com.zhanghuanfa.App - mobile = 12345678901
2019-04-08 16:22:23.723 [main] [INFO] com.zhanghuanfa.App - array = 123
2019-04-08 16:22:23.723 [main] [INFO] com.zhanghuanfa.App - params = {mobile=[13520527259]}
2019-04-08 16:22:23.724 [main] [INFO] com.zhanghuanfa.App - params = {"mobile":["13520527259"]}
2019-04-08 16:22:23.732 [main] [INFO] com.zhanghuanfa.App - build = Bean(name=bean, id=1, address=[abc], students=[Student(name=s2, id=12)], student=Student(name=s1, id=11))
2019-04-08 16:22:23.812 [main] [WARN] com.zhanghuanfa.App - json = {"address":["abc"],"id":1,"name":"bean","student":{"id":11,"name":"s1"},"students":[{"id":12,"name":"s2"}]} , bean = Bean(name=bean, id=1, address=[abc], students=[Student(name=s2, id=12)], student=Student(name=s1, id=11))
2019-04-08 16:22:23.812 [main] [INFO] com.zhanghuanfa.App - students = [Student(name=s1, id=11)]
2019-04-08 16:23:05.330 [main] [INFO] com.zhanghuanfa.App - info msg
2019-04-08 16:23:05.332 [main] [ERROR] com.zhanghuanfa.App - error msg
2019-04-08 16:23:05.334 [main] [INFO] com.zhanghuanfa.App - "mobile":"12345678901"
2019-04-08 16:23:05.334 [main] [INFO] com.zhanghuanfa.App - mobile = 12345678901
2019-04-08 16:23:05.381 [main] [INFO] com.zhanghuanfa.App - array = 123
2019-04-08 16:23:05.381 [main] [INFO] com.zhanghuanfa.App - params = {mobile=[13520527259]}
2019-04-08 16:23:05.381 [main] [INFO] com.zhanghuanfa.App - params = {"mobile":["13520527259"]}
2019-04-08 16:23:05.387 [main] [INFO] com.zhanghuanfa.App - build = Bean(name=bean, id=1, address=[abc], students=[Student(name=s2, id=12)], student=Student(name=s1, id=11))
2019-04-08 16:23:05.454 [main] [WARN] com.zhanghuanfa.App - json = {"address":["abc"],"id":1,"name":"bean","student":{"id":11,"name":"s1"},"students":[{"id":12,"name":"s2"}]} , bean = Bean(name=bean, id=1, address=[abc], students=[Student(name=s2, id=12)], student=Student(name=s1, id=11))
2019-04-08 16:23:05.454 [main] [INFO] com.zhanghuanfa.App - students = [Student(name=s1, id=11)]
2019-04-08 16:23:28.082 [main] [INFO] com.zhanghuanfa.App - info msg
2019-04-08 16:23:28.083 [main] [ERROR] com.zhanghuanfa.App - error msg
2019-04-08 16:23:28.085 [main] [INFO] com.zhanghuanfa.App - "mobile":"12345678901"
2019-04-08 16:23:28.085 [main] [INFO] com.zhanghuanfa.App - mobile = 12345678901
2019-04-08 16:23:28.127 [main] [INFO] com.zhanghuanfa.App - array = 123
2019-04-08 16:23:28.127 [main] [INFO] com.zhanghuanfa.App - params = {mobile=[13520527259]}
2019-04-08 16:23:28.127 [main] [INFO] com.zhanghuanfa.App - params = {"mobile":["13520527259"]}
2019-04-08 16:23:28.133 [main] [INFO] com.zhanghuanfa.App - build = Bean(name=bean, id=1, address=[abc], students=[Student(name=s2, id=12)], student=Student(name=s1, id=11))
2019-04-08 16:23:28.204 [main] [WARN] com.zhanghuanfa.App - json = {"address":["abc"],"id":1,"name":"bean","student":{"id":11,"name":"s1"},"students":[{"id":12,"name":"s2"}]} , bean = Bean(name=bean, id=1, address=[abc], students=[Student(name=s2, id=12)], student=Student(name=s1, id=11))
2019-04-08 16:23:28.204 [main] [INFO] com.zhanghuanfa.App - students = [Student(name=s1, id=11)]
2019-04-08 16:24:22.240 [main] [INFO] com.zhanghuanfa.App - info msg
2019-04-08 16:24:22.242 [main] [ERROR] com.zhanghuanfa.App - error msg
2019-04-08 16:24:22.243 [main] [INFO] com.zhanghuanfa.App - "mobile":"12345678901"
2019-04-08 16:24:22.243 [main] [INFO] com.zhanghuanfa.App - mobile = 12345678901
2019-04-08 16:24:22.286 [main] [INFO] com.zhanghuanfa.App - array = 123
2019-04-08 16:24:22.287 [main] [INFO] com.zhanghuanfa.App - params = {mobile=[13520527259]}
2019-04-08 16:24:22.287 [main] [INFO] com.zhanghuanfa.App - params = {"mobile":["13520527259"]}
2019-04-08 16:24:22.292 [main] [INFO] com.zhanghuanfa.App - build = Bean(name=bean, id=1, address=[abc], students=[Student(name=s2, id=12)], student=Student(name=s1, id=11))
2019-04-08 16:24:22.362 [main] [WARN] com.zhanghuanfa.App - json = {"address":["abc"],"id":1,"name":"bean","student":{"id":11,"name":"s1"},"students":[{"id":12,"name":"s2"}]} , bean = Bean(name=bean, id=1, address=[abc], students=[Student(name=s2, id=12)], student=Student(name=s1, id=11))
2019-04-08 16:24:22.362 [main] [INFO] com.zhanghuanfa.App - students = [Student(name=s1, id=11)]
2019-04-08 16:24:42.701 [main] [INFO] com.zhanghuanfa.App - info msg
2019-04-08 16:24:42.703 [main] [ERROR] com.zhanghuanfa.App - error msg
2019-04-08 16:24:42.705 [main] [INFO] com.zhanghuanfa.App - "mobile":"12345678901"
2019-04-08 16:24:42.705 [main] [INFO] com.zhanghuanfa.App - mobile = 12345678901
2019-04-08 16:24:42.748 [main] [INFO] com.zhanghuanfa.App - array = 123
2019-04-08 16:24:42.748 [main] [INFO] com.zhanghuanfa.App - params = {mobile=[13520527259]}
2019-04-08 16:24:42.748 [main] [INFO] com.zhanghuanfa.App - params = {"mobile":["13520527259"]}
2019-04-08 16:24:42.754 [main] [INFO] com.zhanghuanfa.App - build = Bean(name=bean, id=1, address=[abc], students=[Student(name=s2, id=12)], student=Student(name=s1, id=11))
2019-04-08 16:24:42.829 [main] [WARN] com.zhanghuanfa.App - json = {"address":["abc"],"id":1,"name":"bean","student":{"id":11,"name":"s1"},"students":[{"id":12,"name":"s2"}]} , bean = Bean(name=bean, id=1, address=[abc], students=[Student(name=s2, id=12)], student=Student(name=s1, id=11))
2019-04-08 16:24:42.829 [main] [INFO] com.zhanghuanfa.App - students = [Student(name=s1, id=11)]
2019-04-08 16:25:15.687 [main] [INFO] com.zhanghuanfa.App - info msg
2019-04-08 16:25:15.688 [main] [ERROR] com.zhanghuanfa.App - error msg
2019-04-08 16:25:15.690 [main] [INFO] com.zhanghuanfa.App - "mobile":"12345678901"
2019-04-08 16:25:15.690 [main] [INFO] com.zhanghuanfa.App - mobile = 12345678901
2019-04-08 16:25:15.731 [main] [INFO] com.zhanghuanfa.App - array = 123
2019-04-08 16:25:15.731 [main] [INFO] com.zhanghuanfa.App - params = {mobile=[13520527259]}
2019-04-08 16:25:15.731 [main] [INFO] com.zhanghuanfa.App - params = {"mobile":["13520527259"]}
2019-04-08 16:25:15.738 [main] [INFO] com.zhanghuanfa.App - build = Bean(name=bean, id=1, address=[abc], students=[Student(name=s2, id=12)], student=Student(name=s1, id=11))
2019-04-08 16:25:15.816 [main] [WARN] com.zhanghuanfa.App - json = {"address":["abc"],"id":1,"name":"bean","student":{"id":11,"name":"s1"},"students":[{"id":12,"name":"s2"}]} , bean = Bean(name=bean, id=1, address=[abc], students=[Student(name=s2, id=12)], student=Student(name=s1, id=11))
2019-04-08 16:25:15.816 [main] [INFO] com.zhanghuanfa.App - students = [Student(name=s1, id=11)]
2019-04-08 16:25:41.498 [main] [INFO] com.zhanghuanfa.App - info msg
2019-04-08 16:25:41.499 [main] [ERROR] com.zhanghuanfa.App - error msg
2019-04-08 16:25:41.501 [main] [INFO] com.zhanghuanfa.App - "mobile":"12345678901"
2019-04-08 16:25:41.501 [main] [INFO] com.zhanghuanfa.App - mobile = 12345678901
2019-04-08 16:25:41.541 [main] [INFO] com.zhanghuanfa.App - array = 123
2019-04-08 16:25:41.542 [main] [INFO] com.zhanghuanfa.App - params = {mobile=[13520527259]}
2019-04-08 16:25:41.542 [main] [INFO] com.zhanghuanfa.App - params = {"mobile":["13520527259"]}
2019-04-08 16:25:41.548 [main] [INFO] com.zhanghuanfa.App - build = Bean(name=bean, id=1, address=[abc], students=[Student(name=s2, id=12)], student=Student(name=s1, id=11))
2019-04-08 16:25:41.616 [main] [WARN] com.zhanghuanfa.App - json = {"address":["abc"],"id":1,"name":"bean","student":{"id":11,"name":"s1"},"students":[{"id":12,"name":"s2"}]} , bean = Bean(name=bean, id=1, address=[abc], students=[Student(name=s2, id=12)], student=Student(name=s1, id=11))
2019-04-08 16:25:41.616 [main] [INFO] com.zhanghuanfa.App - students = [Student(name=s1, id=11)]
2019-04-08 16:26:04.069 [main] [INFO] com.zhanghuanfa.App - info msg
2019-04-08 16:26:04.070 [main] [ERROR] com.zhanghuanfa.App - error msg
2019-04-08 16:26:04.071 [main] [INFO] com.zhanghuanfa.App - "mobile":"12345678901"
2019-04-08 16:26:04.071 [main] [INFO] com.zhanghuanfa.App - mobile = 12345678901
2019-04-08 16:26:04.113 [main] [INFO] com.zhanghuanfa.App - array = 123
2019-04-08 16:26:04.114 [main] [INFO] com.zhanghuanfa.App - params = {mobile=[13520527259]}
2019-04-08 16:26:04.114 [main] [INFO] com.zhanghuanfa.App - params = {"mobile":["13520527259"]}
2019-04-08 16:26:04.122 [main] [INFO] com.zhanghuanfa.App - build = Bean(name=bean, id=1, address=[abc], students=[Student(name=s2, id=12)], student=Student(name=s1, id=11))
2019-04-08 16:26:04.201 [main] [WARN] com.zhanghuanfa.App - json = {"address":["abc"],"id":1,"name":"bean","student":{"id":11,"name":"s1"},"students":[{"id":12,"name":"s2"}]} , bean = Bean(name=bean, id=1, address=[abc], students=[Student(name=s2, id=12)], student=Student(name=s1, id=11))
2019-04-08 16:26:04.201 [main] [INFO] com.zhanghuanfa.App - students = [Student(name=s1, id=11)]
2019-04-08 16:27:20.198 [main] [INFO] com.zhanghuanfa.App - info msg
2019-04-08 16:27:20.200 [main] [ERROR] com.zhanghuanfa.App - error msg
2019-04-08 16:27:20.201 [main] [INFO] com.zhanghuanfa.App - "mobile":"12345678901"
2019-04-08 16:27:20.201 [main] [INFO] com.zhanghuanfa.App - mobile = 12345678901
2019-04-08 16:27:20.273 [main] [INFO] com.zhanghuanfa.App - array = 123
2019-04-08 16:27:20.273 [main] [INFO] com.zhanghuanfa.App - params = {mobile=[13520527259]}
2019-04-08 16:27:20.273 [main] [INFO] com.zhanghuanfa.App - params = {"mobile":["13520527259"]}
2019-04-08 16:27:20.281 [main] [INFO] com.zhanghuanfa.App - build = Bean(name=bean, id=1, address=[abc], students=[Student(name=s2, id=12)], student=Student(name=s1, id=11))
2019-04-08 16:27:20.359 [main] [WARN] com.zhanghuanfa.App - json = {"address":["abc"],"id":1,"name":"bean","student":{"id":11,"name":"s1"},"students":[{"id":12,"name":"s2"}]} , bean = Bean(name=bean, id=1, address=[abc], students=[Student(name=s2, id=12)], student=Student(name=s1, id=11))
2019-04-08 16:27:20.359 [main] [INFO] com.zhanghuanfa.App - students = [Student(name=s1, id=11)]
2019-04-08 16:27:45.460 [main] [INFO] com.zhanghuanfa.App - info msg
2019-04-08 16:27:45.461 [main] [ERROR] com.zhanghuanfa.App - error msg
2019-04-08 16:27:45.463 [main] [INFO] com.zhanghuanfa.App - "mobile":"12345678901"
2019-04-08 16:27:45.463 [main] [INFO] com.zhanghuanfa.App - mobile = 12345678901
2019-04-08 16:27:45.509 [main] [INFO] com.zhanghuanfa.App - array = 123
2019-04-08 16:27:45.509 [main] [INFO] com.zhanghuanfa.App - params = {mobile=[13520527259]}
2019-04-08 16:27:45.509 [main] [INFO] com.zhanghuanfa.App - params = {"mobile":["13520527259"]}
2019-04-08 16:27:45.517 [main] [INFO] com.zhanghuanfa.App - build = Bean(name=bean, id=1, address=[abc], students=[Student(name=s2, id=12)], student=Student(name=s1, id=11))
2019-04-08 16:27:45.591 [main] [WARN] com.zhanghuanfa.App - json = {"address":["abc"],"id":1,"name":"bean","student":{"id":11,"name":"s1"},"students":[{"id":12,"name":"s2"}]} , bean = Bean(name=bean, id=1, address=[abc], students=[Student(name=s2, id=12)], student=Student(name=s1, id=11))
2019-04-08 16:27:45.591 [main] [INFO] com.zhanghuanfa.App - students = [Student(name=s1, id=11)]
2019-04-08 16:28:49.712 [main] [INFO] com.zhanghuanfa.App - info msg
2019-04-08 16:28:49.715 [main] [ERROR] com.zhanghuanfa.App - error msg
2019-04-08 16:28:49.717 [main] [INFO] com.zhanghuanfa.App - "mobile" : "12345678901"
2019-04-08 16:28:49.717 [main] [INFO] com.zhanghuanfa.App - mobile = 12345678901
2019-04-08 16:28:49.760 [main] [INFO] com.zhanghuanfa.App - array = 123
2019-04-08 16:28:49.760 [main] [INFO] com.zhanghuanfa.App - params = {mobile=[13520527259]}
2019-04-08 16:28:49.760 [main] [INFO] com.zhanghuanfa.App - params = {"mobile":["13520527259"]}
2019-04-08 16:28:49.766 [main] [INFO] com.zhanghuanfa.App - build = Bean(name=bean, id=1, address=[abc], students=[Student(name=s2, id=12)], student=Student(name=s1, id=11))
2019-04-08 16:28:49.841 [main] [WARN] com.zhanghuanfa.App - json = {"address":["abc"],"id":1,"name":"bean","student":{"id":11,"name":"s1"},"students":[{"id":12,"name":"s2"}]} , bean = Bean(name=bean, id=1, address=[abc], students=[Student(name=s2, id=12)], student=Student(name=s1, id=11))
2019-04-08 16:28:49.841 [main] [INFO] com.zhanghuanfa.App - students = [Student(name=s1, id=11)]
2019-04-08 16:29:23.662 [main] [INFO] com.zhanghuanfa.App - info msg
2019-04-08 16:29:23.664 [main] [ERROR] com.zhanghuanfa.App - error msg
2019-04-08 16:29:23.665 [main] [INFO] com.zhanghuanfa.App - "mobile" : "12345678901"
2019-04-08 16:29:23.665 [main] [INFO] com.zhanghuanfa.App - mobile = 12345678901
2019-04-08 16:29:23.708 [main] [INFO] com.zhanghuanfa.App - array = 123
2019-04-08 16:29:23.709 [main] [INFO] com.zhanghuanfa.App - params = {mobile=[13520527259]}
2019-04-08 16:29:23.709 [main] [INFO] com.zhanghuanfa.App - params = {"mobile":["13520527259"]}
2019-04-08 16:29:23.714 [main] [INFO] com.zhanghuanfa.App - build = Bean(name=bean, id=1, address=[abc], students=[Student(name=s2, id=12)], student=Student(name=s1, id=11))
2019-04-08 16:29:23.793 [main] [WARN] com.zhanghuanfa.App - json = {"address":["abc"],"id":1,"name":"bean","student":{"id":11,"name":"s1"},"students":[{"id":12,"name":"s2"}]} , bean = Bean(name=bean, id=1, address=[abc], students=[Student(name=s2, id=12)], student=Student(name=s1, id=11))
2019-04-08 16:29:23.793 [main] [INFO] com.zhanghuanfa.App - students = [Student(name=s1, id=11)]
2019-04-08 16:33:00.178 [main] [INFO] com.zhanghuanfa.App - info msg
2019-04-08 16:33:00.179 [main] [ERROR] com.zhanghuanfa.App - error msg
2019-04-08 16:33:00.181 [main] [INFO] com.zhanghuanfa.App - "mobile" : "12345678901"
2019-04-08 16:33:00.181 [main] [INFO] com.zhanghuanfa.App - mobile = 12345678901
2019-04-08 16:33:00.223 [main] [INFO] com.zhanghuanfa.App - array = 123
2019-04-08 16:33:00.223 [main] [INFO] com.zhanghuanfa.App - params = {mobile=[13520527259]}
2019-04-08 16:33:00.223 [main] [INFO] com.zhanghuanfa.App - params = {"mobile":["13520527259"]}
2019-04-08 16:33:00.231 [main] [INFO] com.zhanghuanfa.App - build = Bean(name=bean, id=1, address=[abc], students=[Student(name=s2, id=12)], student=Student(name=s1, id=11))
2019-04-08 16:33:00.303 [main] [WARN] com.zhanghuanfa.App - json = {"address":["abc"],"id":1,"name":"bean","student":{"id":11,"name":"s1"},"students":[{"id":12,"name":"s2"}]} , bean = Bean(name=bean, id=1, address=[abc], students=[Student(name=s2, id=12)], student=Student(name=s1, id=11))
2019-04-08 16:33:00.303 [main] [INFO] com.zhanghuanfa.App - students = [Student(name=s1, id=11)]
2019-04-08 16:35:00.785 [main] [INFO] com.zhanghuanfa.App - info msg
2019-04-08 16:35:00.786 [main] [ERROR] com.zhanghuanfa.App - error msg
2019-04-08 16:35:00.788 [main] [INFO] com.zhanghuanfa.App - "mobile" : "12345678901"
2019-04-08 16:35:00.788 [main] [INFO] com.zhanghuanfa.App - mobile = 12345678901
2019-04-08 16:35:00.831 [main] [INFO] com.zhanghuanfa.App - array = 123
2019-04-08 16:35:00.831 [main] [INFO] com.zhanghuanfa.App - params = {mobile=[13520527259]}
2019-04-08 16:35:00.831 [main] [INFO] com.zhanghuanfa.App - params = {"mobile":["13520527259"]}
2019-04-08 16:35:00.839 [main] [INFO] com.zhanghuanfa.App - build = Bean(name=bean, id=1, address=[abc], students=[Student(name=s2, id=12)], student=Student(name=s1, id=11))
2019-04-08 16:35:00.917 [main] [WARN] com.zhanghuanfa.App - json = {"address":["abc"],"id":1,"name":"bean","student":{"id":11,"name":"s1"},"students":[{"id":12,"name":"s2"}]} , bean = Bean(name=bean, id=1, address=[abc], students=[Student(name=s2, id=12)], student=Student(name=s1, id=11))
2019-04-08 16:35:00.917 [main] [INFO] com.zhanghuanfa.App - students = [Student(name=s1, id=11)]
2019-04-08 16:36:39.267 [main] [INFO] com.zhanghuanfa.App - info msg
2019-04-08 16:36:39.269 [main] [ERROR] com.zhanghuanfa.App - error msg
2019-04-08 16:36:39.271 [main] [INFO] com.zhanghuanfa.App - "mobile" : "12345678901"
2019-04-08 16:36:39.271 [main] [INFO] com.zhanghuanfa.App - mobile = 12345678901
2019-04-08 16:36:39.315 [main] [INFO] com.zhanghuanfa.App - array = 123
2019-04-08 16:36:39.316 [main] [INFO] com.zhanghuanfa.App - params = {mobile=[13520527259], password=[starry782779]}
2019-04-08 16:36:39.316 [main] [INFO] com.zhanghuanfa.App - params = {"mobile":["13520527259"],"password":["starry782779"]}
2019-04-08 16:37:20.722 [main] [INFO] com.zhanghuanfa.App - info msg
2019-04-08 16:37:20.724 [main] [ERROR] com.zhanghuanfa.App - error msg
2019-04-08 16:37:20.725 [main] [INFO] com.zhanghuanfa.App - "mobile" : "12345678901"
2019-04-08 16:37:20.725 [main] [INFO] com.zhanghuanfa.App - mobile = 12345678901
2019-04-08 16:37:20.768 [main] [INFO] com.zhanghuanfa.App - array = 123
2019-04-08 16:37:20.769 [main] [INFO] com.zhanghuanfa.App - params = {mobile=[13520527259], password=[starry782779]}
2019-04-08 16:37:20.769 [main] [INFO] com.zhanghuanfa.App - params = {"mobile":["13520527259"],"password":["starry782779"]}
2019-04-08 16:37:48.513 [main] [INFO] com.zhanghuanfa.App - info msg
2019-04-08 16:37:48.514 [main] [ERROR] com.zhanghuanfa.App - error msg
2019-04-08 16:37:48.516 [main] [INFO] com.zhanghuanfa.App - "mobile" : "12345678901"
2019-04-08 16:37:48.516 [main] [INFO] com.zhanghuanfa.App - mobile = 12345678901
2019-04-08 16:37:48.558 [main] [INFO] com.zhanghuanfa.App - array = 123
2019-04-08 16:37:48.559 [main] [INFO] com.zhanghuanfa.App - params = {mobile=[13520527259], password=[starry782779]}
2019-04-08 16:37:48.559 [main] [INFO] com.zhanghuanfa.App - params = {"mobile":["13520527259"],"password":["starry782779"]}
2019-04-08 16:39:55.977 [main] [INFO] com.zhanghuanfa.App - info msg
2019-04-08 16:39:55.980 [main] [ERROR] com.zhanghuanfa.App - error msg
2019-04-08 16:39:55.983 [main] [INFO] com.zhanghuanfa.App - "mobile" : "12345678901"
2019-04-08 16:39:55.984 [main] [INFO] com.zhanghuanfa.App - mobile = 12345678901
2019-04-08 16:39:56.051 [main] [INFO] com.zhanghuanfa.App - array = 123
2019-04-08 16:39:56.052 [main] [INFO] com.zhanghuanfa.App - params = {mobile=[13520527259], password=[starry782779]}
2019-04-08 16:39:56.052 [main] [INFO] com.zhanghuanfa.App - params = {"mobile":["13520527259"],"password":["starry782779"]}
2019-04-08 16:41:19.663 [main] [INFO] com.zhanghuanfa.App - info msg
2019-04-08 16:41:19.665 [main] [ERROR] com.zhanghuanfa.App - error msg
2019-04-08 16:41:19.667 [main] [INFO] com.zhanghuanfa.App - "mobile" : "12345678901"
2019-04-08 16:41:19.667 [main] [INFO] com.zhanghuanfa.App - mobile = 12345678901
2019-04-08 16:41:19.667 [main] [INFO] com.zhanghuanfa.App - password = 12345678901
2019-04-08 16:41:19.709 [main] [INFO] com.zhanghuanfa.App - array = 123
2019-04-08 16:41:19.709 [main] [INFO] com.zhanghuanfa.App - params = {mobile=[13520527259], password=[starry782779]}
2019-04-08 16:41:19.709 [main] [INFO] com.zhanghuanfa.App - params = {"mobile":["13520527259"],"password":["starry782779"]}
2019-04-08 16:41:45.235 [main] [INFO] com.zhanghuanfa.App - info msg
2019-04-08 16:41:45.237 [main] [ERROR] com.zhanghuanfa.App - error msg
2019-04-08 16:41:45.239 [main] [INFO] com.zhanghuanfa.App - "mobile" : "12345678901"
2019-04-08 16:41:45.239 [main] [INFO] com.zhanghuanfa.App - mobile = 12345678901
2019-04-08 16:41:45.239 [main] [INFO] com.zhanghuanfa.App - password = 12345678901
2019-04-08 16:41:45.281 [main] [INFO] com.zhanghuanfa.App - array = 123
2019-04-08 16:41:45.282 [main] [INFO] com.zhanghuanfa.App - params = {mobile=[13520527259], password=[starry782779]}
2019-04-08 16:41:45.282 [main] [INFO] com.zhanghuanfa.App - params = {"mobile":["13520527259"],"password":["starry782779"]}
2019-04-08 16:43:48.032 [main] [INFO] com.zhanghuanfa.App - info msg
2019-04-08 16:43:48.033 [main] [ERROR] com.zhanghuanfa.App - error msg
2019-04-08 16:43:48.035 [main] [INFO] com.zhanghuanfa.App - "mobile" : "12345678901"
2019-04-08 16:43:48.035 [main] [INFO] com.zhanghuanfa.App - mobile = 12345678901
2019-04-08 16:43:48.035 [main] [INFO] com.zhanghuanfa.App - password = 12345678901
2019-04-08 16:43:48.079 [main] [INFO] com.zhanghuanfa.App - array = 123
2019-04-08 16:43:48.079 [main] [INFO] com.zhanghuanfa.App - params = {mobile=[13520527259], password=[starry782779]}
2019-04-08 16:43:48.079 [main] [INFO] com.zhanghuanfa.App - params = {"mobile":["13520527259"],"password":["starry782779"]}
2019-04-08 16:44:09.949 [main] [INFO] com.zhanghuanfa.App - info msg
2019-04-08 16:44:09.950 [main] [ERROR] com.zhanghuanfa.App - error msg
2019-04-08 16:44:09.952 [main] [INFO] com.zhanghuanfa.App - "mobile" : "12345678901"
2019-04-08 16:44:09.952 [main] [INFO] com.zhanghuanfa.App - mobile = 12345678901
2019-04-08 16:44:09.952 [main] [INFO] com.zhanghuanfa.App - password = 12345678901
2019-04-08 16:44:09.994 [main] [INFO] com.zhanghuanfa.App - array = 123
2019-04-08 16:44:09.995 [main] [INFO] com.zhanghuanfa.App - params = {mobile=[13520527259], password=[starry782779]}
2019-04-08 16:44:09.995 [main] [INFO] com.zhanghuanfa.App - params = {"mobile":["13520527259"],"password":["starry782779"]}
2019-04-08 16:49:49.832 [main] [INFO] com.zhanghuanfa.App - info msg
2019-04-08 16:49:49.833 [main] [ERROR] com.zhanghuanfa.App - error msg
2019-04-08 16:49:49.834 [main] [INFO] com.zhanghuanfa.App - "mobile" : "12345678901"
2019-04-08 16:49:49.834 [main] [INFO] com.zhanghuanfa.App - mobile = 12345678901
2019-04-08 16:49:49.835 [main] [INFO] com.zhanghuanfa.App - password = 12345678901
2019-04-08 16:49:49.878 [main] [INFO] com.zhanghuanfa.App - array = 123
2019-04-08 16:49:49.878 [main] [INFO] com.zhanghuanfa.App - params = {mobile=[13520527259], password=[starry782779]}
2019-04-08 16:49:49.878 [main] [INFO] com.zhanghuanfa.App - params = {"mobile":["13520527259"],"password":["starry782779"]}
2019-04-08 16:50:05.993 [main] [INFO] com.zhanghuanfa.App - info msg
2019-04-08 16:50:05.994 [main] [ERROR] com.zhanghuanfa.App - error msg
2019-04-08 16:50:05.996 [main] [INFO] com.zhanghuanfa.App - "mobile" : "12345678901"
2019-04-08 16:50:05.996 [main] [INFO] com.zhanghuanfa.App - mobile = 12345678901
2019-04-08 16:50:05.996 [main] [INFO] com.zhanghuanfa.App - password = 12345678901
2019-04-08 16:50:06.041 [main] [INFO] com.zhanghuanfa.App - array = 123
2019-04-08 16:50:06.041 [main] [INFO] com.zhanghuanfa.App - params = {mobile=[13520527259], password=[starry782779]}
2019-04-08 16:50:06.041 [main] [INFO] com.zhanghuanfa.App - params = {"mobile":["13520527259"],"password":["starry782779"]}
2019-04-08 16:50:36.339 [main] [INFO] com.zhanghuanfa.App - info msg
2019-04-08 16:50:36.340 [main] [ERROR] com.zhanghuanfa.App - error msg
2019-04-08 16:50:36.342 [main] [INFO] com.zhanghuanfa.App - "mobile" : "12345678901"
2019-04-08 16:50:36.342 [main] [INFO] com.zhanghuanfa.App - mobile = 12345678901
2019-04-08 16:50:36.342 [main] [INFO] com.zhanghuanfa.App - password = 12345678901
2019-04-08 16:50:36.384 [main] [INFO] com.zhanghuanfa.App - array = 123
2019-04-08 16:50:36.384 [main] [INFO] com.zhanghuanfa.App - params = {mobile=[13520527259], password=[starry782779]}
2019-04-08 16:50:36.384 [main] [INFO] com.zhanghuanfa.App - params = {"mobile":["13520527259"],"password":["starry782779"]}
2019-04-08 16:51:13.799 [main] [INFO] com.zhanghuanfa.App - info msg
2019-04-08 16:51:13.801 [main] [ERROR] com.zhanghuanfa.App - error msg
2019-04-08 16:51:13.802 [main] [INFO] com.zhanghuanfa.App - "mobile" : "12345678901"
2019-04-08 16:51:13.802 [main] [INFO] com.zhanghuanfa.App - mobile = 12345678901
2019-04-08 16:51:13.802 [main] [INFO] com.zhanghuanfa.App - password = 12345678901
2019-04-08 16:51:13.845 [main] [INFO] com.zhanghuanfa.App - array = 123
2019-04-08 16:51:13.845 [main] [INFO] com.zhanghuanfa.App - params = {mobile=[13520527259], password=[starry782779]}
2019-04-08 16:51:13.845 [main] [INFO] com.zhanghuanfa.App - params = {"mobile":["13520527259"],"password":["starry782779"]}
2019-04-08 16:51:42.251 [main] [INFO] com.zhanghuanfa.App - info msg
2019-04-08 16:51:42.252 [main] [ERROR] com.zhanghuanfa.App - error msg
2019-04-08 16:51:42.254 [main] [INFO] com.zhanghuanfa.App - "mobile" : "12345678901"
2019-04-08 16:51:42.254 [main] [INFO] com.zhanghuanfa.App - mobile = 12345678901
2019-04-08 16:51:42.254 [main] [INFO] com.zhanghuanfa.App - password = 12345678901
2019-04-08 16:51:42.300 [main] [INFO] com.zhanghuanfa.App - array = 123
2019-04-08 16:51:42.301 [main] [INFO] com.zhanghuanfa.App - params = {mobile=[13520527259], password=[starry782779]}
2019-04-08 16:51:42.301 [main] [INFO] com.zhanghuanfa.App - params = {"mobile":["13520527259"],"password":["starry782779"]}
